{"C:\\Users\\LEVTY\\Documents\\cleanCodeApi\\src\\presentation\\controllers\\signup\\signup-protocols.ts": {"path":"C:\\Users\\LEVTY\\Documents\\cleanCodeApi\\src\\presentation\\controllers\\signup\\signup-protocols.ts","statementMap":{"0":{"start":{"line":1,"column":0},"end":{"line":1,"column":31}},"1":{"start":{"line":2,"column":0},"end":{"line":2,"column":47}},"2":{"start":{"line":3,"column":0},"end":{"line":3,"column":52}},"3":{"start":{"line":4,"column":0},"end":{"line":4,"column":46}}},"fnMap":{},"branchMap":{},"s":{"0":0,"1":0,"2":0,"3":0},"f":{},"b":{}}
,"C:\\Users\\LEVTY\\Documents\\cleanCodeApi\\src\\presentation\\controllers\\signup\\signup.ts": {"path":"C:\\Users\\LEVTY\\Documents\\cleanCodeApi\\src\\presentation\\controllers\\signup\\signup.ts","statementMap":{"0":{"start":{"line":2,"column":0},"end":{"line":2,"column":67}},"1":{"start":{"line":3,"column":0},"end":{"line":3,"column":67}},"2":{"start":{"line":9,"column":8},"end":{"line":9,"column":null}},"3":{"start":{"line":10,"column":8},"end":{"line":10,"column":null}},"4":{"start":{"line":13,"column":8},"end":{"line":43,"column":null}},"5":{"start":{"line":14,"column":35},"end":{"line":14,"column":88}},"6":{"start":{"line":15,"column":12},"end":{"line":19,"column":null}},"7":{"start":{"line":16,"column":16},"end":{"line":18,"column":null}},"8":{"start":{"line":17,"column":20},"end":{"line":17,"column":null}},"9":{"start":{"line":21,"column":66},"end":{"line":21,"column":82}},"10":{"start":{"line":22,"column":12},"end":{"line":24,"column":null}},"11":{"start":{"line":23,"column":16},"end":{"line":23,"column":null}},"12":{"start":{"line":26,"column":28},"end":{"line":26,"column":62}},"13":{"start":{"line":27,"column":12},"end":{"line":29,"column":null}},"14":{"start":{"line":28,"column":16},"end":{"line":28,"column":null}},"15":{"start":{"line":31,"column":12},"end":{"line":35,"column":null}},"16":{"start":{"line":37,"column":12},"end":{"line":40,"column":null}},"17":{"start":{"line":42,"column":12},"end":{"line":42,"column":null}},"18":{"start":{"line":5,"column":0},"end":{"line":5,"column":13}}},"fnMap":{"0":{"name":"(anonymous_0)","decl":{"start":{"line":8,"column":4},"end":{"line":8,"column":18}},"loc":{"start":{"line":8,"column":72},"end":{"line":11,"column":5}}},"1":{"name":"(anonymous_1)","decl":{"start":{"line":12,"column":4},"end":{"line":12,"column":10}},"loc":{"start":{"line":12,"column":36},"end":{"line":45,"column":5}}}},"branchMap":{"0":{"loc":{"start":{"line":16,"column":16},"end":{"line":18,"column":null}},"type":"if","locations":[{"start":{"line":16,"column":16},"end":{"line":18,"column":null}}]},"1":{"loc":{"start":{"line":22,"column":12},"end":{"line":24,"column":null}},"type":"if","locations":[{"start":{"line":22,"column":12},"end":{"line":24,"column":null}}]},"2":{"loc":{"start":{"line":27,"column":12},"end":{"line":29,"column":null}},"type":"if","locations":[{"start":{"line":27,"column":12},"end":{"line":29,"column":null}}]}},"s":{"0":1,"1":1,"2":10,"3":10,"4":10,"5":10,"6":10,"7":34,"8":4,"9":6,"10":6,"11":1,"12":5,"13":4,"14":1,"15":3,"16":2,"17":2,"18":1},"f":{"0":10,"1":10},"b":{"0":[4],"1":[1],"2":[1]}}
,"C:\\Users\\LEVTY\\Documents\\cleanCodeApi\\src\\presentation\\erros\\index.ts": {"path":"C:\\Users\\LEVTY\\Documents\\cleanCodeApi\\src\\presentation\\erros\\index.ts","statementMap":{"0":{"start":{"line":1,"column":0},"end":{"line":1,"column":37}},"1":{"start":{"line":2,"column":0},"end":{"line":2,"column":37}},"2":{"start":{"line":3,"column":0},"end":{"line":3,"column":30}}},"fnMap":{},"branchMap":{},"s":{"0":1,"1":1,"2":1},"f":{},"b":{}}
}
