TN:
SF:src\presentation\controllers\signup\signup-protocols.ts
FNF:0
FNH:0
DA:1,0
DA:2,0
DA:3,0
DA:4,0
LF:4
LH:0
BRF:0
BRH:0
end_of_record
TN:
SF:src\presentation\controllers\signup\signup.ts
FN:8,(anonymous_0)
FN:12,(anonymous_1)
FNF:2
FNH:2
FNDA:10,(anonymous_0)
FNDA:10,(anonymous_1)
DA:2,1
DA:3,1
DA:5,1
DA:9,10
DA:10,10
DA:13,10
DA:14,10
DA:15,10
DA:16,34
DA:17,4
DA:21,6
DA:22,6
DA:23,1
DA:26,5
DA:27,4
DA:28,1
DA:31,3
DA:37,2
DA:42,2
LF:19
LH:19
BRDA:16,0,0,4
BRDA:22,1,0,1
BRDA:27,2,0,1
BRF:3
BRH:3
end_of_record
TN:
SF:src\presentation\erros\index.ts
FNF:0
FNH:0
DA:1,1
DA:2,1
DA:3,1
LF:3
LH:3
BRF:0
BRH:0
end_of_record
