TN:
SF:src\presentation\controllers\signup\signup.ts
FN:8,(anonymous_0)
FN:12,(anonymous_1)
FNF:2
FNH:2
FNDA:11,(anonymous_0)
FNDA:11,(anonymous_1)
DA:2,1
DA:3,1
DA:5,1
DA:9,11
DA:10,11
DA:13,11
DA:14,11
DA:15,11
DA:16,38
DA:17,4
DA:21,7
DA:22,7
DA:23,1
DA:26,6
DA:27,5
DA:28,1
DA:31,4
DA:37,3
DA:39,2
LF:19
LH:19
BRDA:16,0,0,4
BRDA:22,1,0,1
BRDA:27,2,0,1
BRF:3
BRH:3
end_of_record
TN:
SF:src\presentation\helpers\http-helper.ts
FN:6,(anonymous_0)
FN:11,(anonymous_1)
FN:16,(anonymous_2)
FNF:3
FNH:3
FNDA:6,(anonymous_0)
FNDA:2,(anonymous_1)
FNDA:3,(anonymous_2)
DA:2,1
DA:6,6
DA:11,2
DA:16,3
LF:4
LH:4
BRF:0
BRH:0
end_of_record
